[INFO ] 2021-08-07 16:24:27.259 [main] Log - select browser
[INFO ] 2021-08-07 16:24:44.483 [main] Log - chrome browser is selected
[INFO ] 2021-08-07 16:25:27.984 [main] Log - loginTOApplication_With_ValidCredentials test is starting.
[WARN ] 2021-08-07 16:25:35.732 [main] Log - loginTOApplication_With_ValidCredentials Test is skipped
[ERROR] 2021-08-07 16:25:35.748 [main] Log - loginTOApplication_With_ValidCredentials Test is failed
[INFO ] 2021-08-07 16:25:36.029 [main] Log - I am in onFinish method login to application and place the order
[INFO ] 2021-08-07 16:30:16.250 [main] Log - select browser
[INFO ] 2021-08-07 16:30:17.671 [main] Log - chrome browser is selected
[INFO ] 2021-08-07 16:30:37.750 [main] Log - navigate to url :https://www.bookswagon.com/
[INFO ] 2021-08-07 16:30:45.785 [main] Log - Internet is connected
[INFO ] 2021-08-07 16:30:47.517 [main] Log - loginTOApplication_With_ValidCredentials test is starting.
[DEBUG] 2021-08-07 16:30:48.086 [main] Log - click on login
[DEBUG] 2021-08-07 16:30:51.134 [main] Log - enter email id: dinesh15127019@gmail.com
[DEBUG] 2021-08-07 16:30:51.464 [main] Log - enter password: Dinnu@247
[DEBUG] 2021-08-07 16:30:51.663 [main] Log - click on login button
[INFO ] 2021-08-07 16:30:56.128 [main] Log - loginTOApplication_With_ValidCredentials Test is passed
[INFO ] 2021-08-07 16:30:57.308 [main] Log - Internet is connected
[INFO ] 2021-08-07 16:30:57.433 [main] Log - searchText_Book test is starting.
[INFO ] 2021-08-07 16:31:01.814 [main] Log - searchText_Book Test is passed
[INFO ] 2021-08-07 16:31:02.154 [main] Log - Internet is connected
[INFO ] 2021-08-07 16:31:02.264 [main] Log - selectBook test is starting.
[DEBUG] 2021-08-07 16:31:02.554 [main] Log - click on book
[INFO ] 2021-08-07 16:31:05.742 [main] Log - selectBook Test is passed
[INFO ] 2021-08-07 16:31:06.338 [main] Log - addBook_To_Cart test is starting.
[DEBUG] 2021-08-07 16:31:08.343 [main] Log - click on buy now button
[INFO ] 2021-08-07 16:31:10.541 [main] Log - addBook_To_Cart Test is passed
[INFO ] 2021-08-07 16:31:10.968 [main] Log - Internet is connected
[INFO ] 2021-08-07 16:31:11.265 [main] Log - changeProductQuantity test is starting.
[DEBUG] 2021-08-07 16:31:11.296 [main] Log - clear quantity in quantity box
[DEBUG] 2021-08-07 16:31:11.381 [main] Log - send quantity 2
[DEBUG] 2021-08-07 16:31:11.440 [main] Log - click refresh button
[DEBUG] 2021-08-07 16:31:12.669 [main] Log - price for each book: Rs.301
[DEBUG] 2021-08-07 16:31:12.692 [main] Log - matching string with number only
[DEBUG] 2021-08-07 16:31:12.692 [main] Log - returns integer value
[DEBUG] 2021-08-07 16:31:12.723 [main] Log - total price of book: Rs.602
[DEBUG] 2021-08-07 16:31:12.754 [main] Log - matching string with number only
[DEBUG] 2021-08-07 16:31:12.754 [main] Log - returns integer value
[DEBUG] 2021-08-07 16:31:12.754 [main] Log - returns boolean value
[INFO ] 2021-08-07 16:31:12.754 [main] Log - changeProductQuantity Test is passed
[INFO ] 2021-08-07 16:31:12.905 [main] Log - placeOrder test is starting.
[DEBUG] 2021-08-07 16:31:12.921 [main] Log - click on place order
[INFO ] 2021-08-07 16:31:15.059 [main] Log - placeOrder Test is passed
[INFO ] 2021-08-07 16:31:15.300 [main] Log - check_Email_Id test is starting.
[DEBUG] 2021-08-07 16:31:15.347 [main] Log - user mail id: dinesh15127019@gmail.com
[DEBUG] 2021-08-07 16:31:15.362 [main] Log - click on continue button
[INFO ] 2021-08-07 16:31:17.435 [main] Log - check_Email_Id Test is passed
[INFO ] 2021-08-07 16:31:18.367 [main] Log - enter_Shipping_Address test is starting.
[DEBUG] 2021-08-07 16:31:18.383 [main] Log - enter recipient name: dinesh
[DEBUG] 2021-08-07 16:31:18.531 [main] Log - enter street address: 3/456-896
[DEBUG] 2021-08-07 16:31:18.619 [main] Log - enter land mark: near theather
[DEBUG] 2021-08-07 16:31:18.734 [main] Log - click on country drop down
[DEBUG] 2021-08-07 16:31:18.917 [main] Log - select country name: India
[DEBUG] 2021-08-07 16:31:19.057 [main] Log - click on state drop down list
[DEBUG] 2021-08-07 16:31:19.174 [main] Log - select state name: Andhra Pradesh
[DEBUG] 2021-08-07 16:31:19.754 [main] Log - click on city drop down 
[DEBUG] 2021-08-07 16:31:19.855 [main] Log - select city name: Anantapur
[DEBUG] 2021-08-07 16:31:20.149 [main] Log - enter pin code: 515411
[DEBUG] 2021-08-07 16:31:20.278 [main] Log - enter mobile number: [[ChromeDriver: chrome on WINDOWS (84862f721096b275c97b73e702a73810)] -> name: ctl00$cpBody$txtNewMobile]
[DEBUG] 2021-08-07 16:31:20.399 [main] Log - click on save button
[INFO ] 2021-08-07 16:31:23.599 [main] Log - enter_Shipping_Address Test is passed
[INFO ] 2021-08-07 16:31:23.853 [main] Log - review_Orders test is starting.
[DEBUG] 2021-08-07 16:31:24.040 [main] Log - checking quantity in order list
[INFO ] 2021-08-07 16:31:24.040 [main] Log - review_Orders Test is passed
[INFO ] 2021-08-07 16:31:24.287 [main] Log - checkAnd_GoTo_Payments test is starting.
[DEBUG] 2021-08-07 16:31:24.287 [main] Log - click on save and continue button
[INFO ] 2021-08-07 16:31:26.464 [main] Log - checkAnd_GoTo_Payments Test is passed
[INFO ] 2021-08-07 16:31:26.715 [main] Log - Internet is connected
[INFO ] 2021-08-07 16:31:26.715 [main] Log - payWith_PayPal test is starting.
[DEBUG] 2021-08-07 16:31:26.747 [main] Log - click on paypal method
[DEBUG] 2021-08-07 16:31:26.860 [main] Log - click on pay now
[INFO ] 2021-08-07 16:31:37.081 [main] Log - payWith_PayPal Test is passed
[INFO ] 2021-08-07 16:31:37.867 [main] Log - Internet is connected
[INFO ] 2021-08-07 16:31:37.867 [main] Log - logOutFrom_Application test is starting.
[DEBUG] 2021-08-07 16:31:37.925 [main] Log - navigate back
